Arguments: 
  C:\Users\User\AppData\Local\nvs\default\node.exe C:\Users\User\AppData\Local\node\corepack\yarn\1.22.19\bin\yarn.js add pptxgenjs

PATH: 
  C:\Users\User\bin;C:\Program Files\Git\mingw64\bin;C:\Program Files\Git\usr\local\bin;C:\Program Files\Git\usr\bin;C:\Program Files\Git\usr\bin;C:\Program Files\Git\mingw64\bin;C:\Program Files\Git\usr\bin;C:\Users\User\bin;C:\Program Files\NVIDIA GPU Computing Toolkit\CUDA\v12.1\bin;C:\Program Files\NVIDIA GPU Computing Toolkit\CUDA\v12.1\libnvvp;C:\Program Files\NVIDIA GPU Computing Toolkit\CUDA\v10.2\bin;C:\Program Files\NVIDIA GPU Computing Toolkit\CUDA\v10.2\libnvvp;C:\Program Files\ImageMagick-7.1.1-Q16-HDRI;C:\Program Files\Eclipse Adoptium\jdk-17.0.6.10-hotspot\bin;C:\Windows\system32;C:\Windows;C:\Windows\System32\Wbem;C:\Windows\System32\WindowsPowerShell\v1.0;C:\Windows\System32\OpenSSH;C:\Program Files (x86)\NVIDIA Corporation\PhysX\Common;C:\Program Files\NVIDIA Corporation\NVIDIA NvDLISR;C:\Program Files (x86)\GnuPG\bin;C:\Program Files\Go\bin;C:\Program Files\Git\cmd;C:\ProgramData\chocolatey\bin;C:\Program Files\dotnet;C:\Program Files\Tailscale;C:\Program Files (x86)\PDFtk Server\bin;C:\Program Files\Docker\Docker\resources\bin;C:\Program Files\NVIDIA Corporation\Nsight Compute 2023.1.1;C:\Program Files\Cloudflare\Cloudflare WARP;C:\Program Files\GitHub CLI;C:\Users\User\.console-ninja\.bin;C:\Users\User\AppData\Local\pnpm;C:\Users\User\.cargo\bin;C:\Users\User\.pyenv\pyenv-win\bin;C:\Users\User\.pyenv\pyenv-win\shims;C:\Users\User\AppData\Local\pnpm;C:\Users\User\AppData\Local\Microsoft\WindowsApps;C:\Users\User\AppData\Local\Programs\Microsoft VS Code\bin;C:\Users\User\AppData\Local\nvs\default;C:\Users\User\AppData\Local\nvs;C:\Users\User\AppData\Local\GitHubDesktop\bin;C:\Users\User\go\bin;C:\Program Files\LLVM\bin;C:\Users\User\.git-filter-repo;C:\Users\User\AppData\Roaming\Python\Scripts;C:\users\user\.local\bin;C:\Program Files\Git\usr\bin\vendor_perl;C:\Program Files\Git\usr\bin\core_perl

Yarn version: 
  1.22.19

Node version: 
  20.10.0

Platform: 
  win32 x64

Trace: 
  Error: getaddrinfo EAI_AGAIN registry.yarnpkg.com
      at GetAddrInfoReqWrap.onlookupall [as oncomplete] (node:dns:118:26)

npm manifest: 
  {
  	"name": "sdah-hymngen",
  	"version": "0.0.1",
  	"private": true,
  	"scripts": {
  		"dev": "vite dev",
  		"build": "vite build",
  		"preview": "vite preview",
  		"check": "svelte-kit sync && svelte-check --tsconfig ./tsconfig.json",
  		"check:watch": "svelte-kit sync && svelte-check --tsconfig ./tsconfig.json --watch",
  		"test": "vitest",
  		"lint": "prettier --check . && eslint .",
  		"format": "prettier --write ."
  	},
  	"devDependencies": {
  		"@sveltejs/adapter-auto": "^3.0.0",
  		"@sveltejs/adapter-static": "^3.0.1",
  		"@sveltejs/kit": "^2.4.3",
  		"@sveltejs/vite-plugin-svelte": "^3.0.0",
  		"@tauri-apps/cli": "^1.5.11",
  		"@types/eslint": "^8.56.0",
  		"@typescript-eslint/eslint-plugin": "^7.0.0",
  		"@typescript-eslint/parser": "^7.0.0",
  		"autoprefixer": "^10.4.16",
  		"drizzle-kit": "^0.20.14",
  		"eslint": "^8.56.0",
  		"eslint-config-prettier": "^9.1.0",
  		"eslint-plugin-svelte": "^2.35.1",
  		"postcss": "^8.4.32",
  		"postcss-load-config": "^5.0.2",
  		"prettier": "^3.1.1",
  		"prettier-plugin-svelte": "^3.1.2",
  		"prettier-plugin-tailwindcss": "^0.5.9",
  		"svelte": "^4.2.7",
  		"svelte-check": "^3.6.0",
  		"sveltekit-superforms": "^2.12.4",
  		"tailwindcss": "^3.3.6",
  		"tslib": "^2.4.1",
  		"typescript": "^5.0.0",
  		"vite": "^5.0.12",
  		"vitest": "^1.5.0",
  		"zod": "^3.22.4"
  	},
  	"type": "module",
  	"dependencies": {
  		"@effect/schema": "^0.64.18",
  		"@electric-sql/pglite": "^0.1.1",
  		"@floating-ui/core": "^1.6.0",
  		"@internationalized/date": "^3.5.2",
  		"@tauri-apps/api": "^1.5.3",
  		"bits-ui": "^0.21.2",
  		"clsx": "^2.1.0",
  		"cmdk-sv": "^0.0.17",
  		"drizzle-orm": "^0.30.6",
  		"lucide-svelte": "^0.359.0",
  		"mode-watcher": "^0.3.0",
  		"svelte-floating-ui": "^1.5.8",
  		"svelte-legos": "^0.2.2",
  		"svelte-radix": "^1.1.0",
  		"svelte-sonner": "^0.3.19",
  		"tailwind-merge": "^2.2.2",
  		"tailwind-variants": "^0.2.1"
  	}
  }

yarn manifest: 
  No manifest

Lockfile: 
  No lockfile
